# JRE version: Java(TM) SE Runtime Environment (8.0_144-b01) (build 1.8.0_144-b01)
# Java VM: Java HotSpot(TM) Client VM (25.144-b01 mixed mode windows-x86 )
Heap:
 def new generation   total 157248K, used 157245K [0x05200000, 0x0fca0000, 0x0fca0000)
  eden space 139776K, 100% used [0x05200000, 0x0da80000, 0x0da80000)
  from space 17472K,  99% used [0x0eb90000, 0x0fc9f5e0, 0x0fca0000)
  to   space 17472K,   0% used [0x0da80000, 0x0da80000, 0x0eb90000)
 tenured generation   total 349568K, used 349567K [0x0fca0000, 0x25200000, 0x25200000)
   the space 349568K,  99% used [0x0fca0000, 0x251ffd18, 0x251ffe00, 0x25200000)
 Metaspace       used 19613K, capacity 20070K, committed 20352K, reserved 20864K
GC Heap History (10 events):
Event: 93762.109 GC heap before
{Heap before GC invocations=10049 (full 1743):
 def new generation   total 157248K, used 157247K [0x05200000, 0x0fca0000, 0x0fca0000)
  eden space 139776K, 100% used [0x05200000, 0x0da80000, 0x0da80000)
  from space 17472K,  99% used [0x0eb90000, 0x0fc9ff28, 0x0fca0000)
  to   space 17472K,   0% used [0x0da80000, 0x0da80000, 0x0eb90000)
 tenured generation   total 349568K, used 349567K [0x0fca0000, 0x25200000, 0x25200000)
   the space 349568K,  99% used [0x0fca0000, 0x251fff38, 0x25200000, 0x25200000)
 Metaspace       used 19613K, capacity 20070K, committed 20352K, reserved 20864K
Event: 93762.592 GC heap after
Heap after GC invocations=10050 (full 1744):
 def new generation   total 157248K, used 157243K [0x05200000, 0x0fca0000, 0x0fca0000)
  eden space 139776K, 100% used [0x05200000, 0x0da80000, 0x0da80000)
  from space 17472K,  99% used [0x0eb90000, 0x0fc9ef00, 0x0fca0000)
  to   space 17472K,   0% used [0x0da80000, 0x0da80000, 0x0eb90000)
 tenured generation   total 349568K, used 349567K [0x0fca0000, 0x25200000, 0x25200000)
   the space 349568K,  99% used [0x0fca0000, 0x251ffd18, 0x251ffe00, 0x25200000)
 Metaspace       used 19613K, capacity 20070K, committed 20352K, reserved 20864K
}
Event: 93762.593 GC heap before
{Heap before GC invocations=10050 (full 1744):
 def new generation   total 157248K, used 157247K [0x05200000, 0x0fca0000, 0x0fca0000)
  eden space 139776K, 100% used [0x05200000, 0x0da80000, 0x0da80000)
  from space 17472K,  99% used [0x0eb90000, 0x0fc9ff70, 0x0fca0000)
  to   space 17472K,   0% used [0x0da80000, 0x0da80000, 0x0eb90000)
 tenured generation   total 349568K, used 349567K [0x0fca0000, 0x25200000, 0x25200000)
   the space 349568K,  99% used [0x0fca0000, 0x251fff38, 0x25200000, 0x25200000)
 Metaspace       used 19613K, capacity 20070K, committed 20352K, reserved 20864K
Event: 93763.042 GC heap after
Heap after GC invocations=10051 (full 1745):
 def new generation   total 157248K, used 157243K [0x05200000, 0x0fca0000, 0x0fca0000)
  eden space 139776K, 100% used [0x05200000, 0x0da80000, 0x0da80000)
  from space 17472K,  99% used [0x0eb90000, 0x0fc9ef80, 0x0fca0000)
  to   space 17472K,   0% used [0x0da80000, 0x0da80000, 0x0eb90000)
 tenured generation   total 349568K, used 349567K [0x0fca0000, 0x25200000, 0x25200000)
   the space 349568K,  99% used [0x0fca0000, 0x251fff38, 0x25200000, 0x25200000)
 Metaspace       used 19613K, capacity 20070K, committed 20352K, reserved 20864K
}
Event: 93763.042 GC heap before
{Heap before GC invocations=10051 (full 1745):
 def new generation   total 157248K, used 157247K [0x05200000, 0x0fca0000, 0x0fca0000)
  eden space 139776K, 100% used [0x05200000, 0x0da80000, 0x0da80000)
  from space 17472K,  99% used [0x0eb90000, 0x0fc9ffa8, 0x0fca0000)
  to   space 17472K,   0% used [0x0da80000, 0x0da80000, 0x0eb90000)
 tenured generation   total 349568K, used 349567K [0x0fca0000, 0x25200000, 0x25200000)
   the space 349568K,  99% used [0x0fca0000, 0x251fff38, 0x25200000, 0x25200000)
 Metaspace       used 19613K, capacity 20070K, committed 20352K, reserved 20864K
Event: 93763.462 GC heap after
Heap after GC invocations=10052 (full 1746):
 def new generation   total 157248K, used 157244K [0x05200000, 0x0fca0000, 0x0fca0000)
  eden space 139776K, 100% used [0x05200000, 0x0da80000, 0x0da80000)
  from space 17472K,  99% used [0x0eb90000, 0x0fc9f098, 0x0fca0000)
  to   space 17472K,   0% used [0x0da80000, 0x0da80000, 0x0eb90000)
 tenured generation   total 349568K, used 349567K [0x0fca0000, 0x25200000, 0x25200000)
   the space 349568K,  99% used [0x0fca0000, 0x251fff38, 0x25200000, 0x25200000)
 Metaspace       used 19613K, capacity 20070K, committed 20352K, reserved 20864K
}
Event: 93763.462 GC heap before
{Heap before GC invocations=10052 (full 1746):
 def new generation   total 157248K, used 157245K [0x05200000, 0x0fca0000, 0x0fca0000)
  eden space 139776K, 100% used [0x05200000, 0x0da80000, 0x0da80000)
  from space 17472K,  99% used [0x0eb90000, 0x0fc9f408, 0x0fca0000)
  to   space 17472K,   0% used [0x0da80000, 0x0da80000, 0x0eb90000)
 tenured generation   total 349568K, used 349567K [0x0fca0000, 0x25200000, 0x25200000)
   the space 349568K,  99% used [0x0fca0000, 0x251fff38, 0x25200000, 0x25200000)
 Metaspace       used 19613K, capacity 20070K, committed 20352K, reserved 20864K
Event: 93763.950 GC heap after
Heap after GC invocations=10053 (full 1747):
 def new generation   total 157248K, used 157234K [0x05200000, 0x0fca0000, 0x0fca0000)
  eden space 139776K, 100% used [0x05200000, 0x0da80000, 0x0da80000)
  from space 17472K,  99% used [0x0eb90000, 0x0fc9c9e8, 0x0fca0000)
  to   space 17472K,   0% used [0x0da80000, 0x0da80000, 0x0eb90000)
 tenured generation   total 349568K, used 349567K [0x0fca0000, 0x25200000, 0x25200000)
   the space 349568K,  99% used [0x0fca0000, 0x251fff38, 0x25200000, 0x25200000)
 Metaspace       used 19613K, capacity 20070K, committed 20352K, reserved 20864K
}
Event: 93763.950 GC heap before
{Heap before GC invocations=10053 (full 1747):
 def new generation   total 157248K, used 157234K [0x05200000, 0x0fca0000, 0x0fca0000)
  eden space 139776K, 100% used [0x05200000, 0x0da80000, 0x0da80000)
  from space 17472K,  99% used [0x0eb90000, 0x0fc9c9e8, 0x0fca0000)
  to   space 17472K,   0% used [0x0da80000, 0x0da80000, 0x0eb90000)
 tenured generation   total 349568K, used 349567K [0x0fca0000, 0x25200000, 0x25200000)
   the space 349568K,  99% used [0x0fca0000, 0x251fff38, 0x25200000, 0x25200000)
 Metaspace       used 19613K, capacity 20070K, committed 20352K, reserved 20864K
Event: 93764.411 GC heap after
Heap after GC invocations=10054 (full 1748):
 def new generation   total 157248K, used 157234K [0x05200000, 0x0fca0000, 0x0fca0000)
  eden space 139776K, 100% used [0x05200000, 0x0da80000, 0x0da80000)
  from space 17472K,  99% used [0x0eb90000, 0x0fc9c9e8, 0x0fca0000)
  to   space 17472K,   0% used [0x0da80000, 0x0da80000, 0x0eb90000)
 tenured generation   total 349568K, used 349567K [0x0fca0000, 0x25200000, 0x25200000)
   the space 349568K,  99% used [0x0fca0000, 0x251ffd18, 0x251ffe00, 0x25200000)
 Metaspace       used 19613K, capacity 20070K, committed 20352K, reserved 20864K
}

